<?xml version="1.0" encoding="UTF-8"?>
<testng-results ignored="5" total="6" passed="1" failed="0" skipped="0">
  <reporter-output>
  </reporter-output>
  <suite started-at="2025-05-01T13:26:14 EEST" name="All Test Suite" finished-at="2025-05-01T13:26:14 EEST" duration-ms="51">
    <groups>
      <group name="Sanity">
        <method signature="addProductstoCart.test1()[pri:0, instance:TestCases.addProductstoCart@18078bef]" name="test1" class="TestCases.addProductstoCart"/>
      </group> <!-- Sanity -->
    </groups>
    <test started-at="2025-05-01T13:26:14 EEST" name="validate groups" finished-at="2025-05-01T13:26:14 EEST" duration-ms="51">
      <class name="TestCases.addProductstoCart">
        <test-method signature="test1()[pri:0, instance:TestCases.addProductstoCart@18078bef]" started-at="2025-05-01T13:26:14 EEST" name="test1" finished-at="2025-05-01T13:26:14 EEST" duration-ms="5" status="PASS">
          <reporter-output>
          </reporter-output>
        </test-method> <!-- test1 -->
      </class> <!-- TestCases.addProductstoCart -->
    </test> <!-- validate groups -->
  </suite> <!-- All Test Suite -->
</testng-results>
