<?xml version="1.0" encoding="UTF-8"?>
<!-- Generated by org.testng.reporters.JUnitXMLReporter -->
<testsuite ignored="5" hostname="RAHMED" failures="0" tests="1" name="validate groups" time="0.051" errors="0" timestamp="2025-05-01T13:26:14 EEST">
  <testcase classname="TestCases.addProductstoCart" name="test1" time="0.005"/>
  <testcase classname="TestCases.addProductstoCart" name="test6" time="0.0">
    <ignored/>
  </testcase> <!-- test6 -->
  <testcase classname="TestCases.addProductstoCart" name="test4" time="0.0">
    <ignored/>
  </testcase> <!-- test4 -->
  <testcase classname="TestCases.addProductstoCart" name="test3" time="0.0">
    <ignored/>
  </testcase> <!-- test3 -->
  <testcase classname="TestCases.addProductstoCart" name="test2" time="0.0">
    <ignored/>
  </testcase> <!-- test2 -->
  <testcase classname="TestCases.addProductstoCart" name="test5" time="0.0">
    <ignored/>
  </testcase> <!-- test5 -->
</testsuite> <!-- validate groups -->
