<?xml version="1.0" encoding="UTF-8"?>
<!-- Generated by org.testng.reporters.JUnitReportReporter -->
<testsuite hostname="RAHMED" failures="0" tests="2" name="TestCases.addProductstoCart" time="0.005" errors="0" timestamp="2025-05-01T13:26:14 EEST" skipped="1">
  <testcase classname="TestCases.addProductstoCart" name="test1" time="0.005"/>
  <testcase classname="TestCases.addProductstoCart" name="test5">
    <skipped/>
  </testcase> <!-- test5 -->
</testsuite> <!-- TestCases.addProductstoCart -->
